2020-11-27 09:25:12.464 - INFO  [kground-preinit] o.h.v.i.u.Version              : HV000001: Hibernate Validator 6.1.5.Final
2020-11-27 09:25:17.534 - WARN  [           main] o.s.b.StartupInfoLogger        : InetAddress.getLocalHost().getHostName() took 5001 milliseconds to respond. Please verify your network configuration (macOS machines may need to add entries to /etc/hosts).
2020-11-27 09:25:12.530 - INFO  [           main] o.s.b.StartupInfoLogger        : Starting Application on MacBook-Pro-2.local with PID 69131 (/Users/wangxiaodong/work/foodie-mall/foodie-mall-api/target/classes started by wangxiaodong in /Users/wangxiaodong/work/foodie-mall)
2020-11-27 09:25:22.550 - INFO  [           main] o.s.b.SpringApplication        : No active profile set, falling back to default profiles: default
2020-11-27 09:25:23.539 - WARN  [           main] o.m.l.Logger                   : No MyBatis mapper was found in '[com.smalleast]' package. Please check your configuration.
2020-11-27 09:25:23.960 - INFO  [           main] o.s.b.w.e.t.TomcatWebServer    : Tomcat initialized with port(s): 8080 (http)
2020-11-27 09:25:23.971 - INFO  [           main] o.a.j.l.DirectJDKLog           : Initializing ProtocolHandler ["http-nio-8080"]
2020-11-27 09:25:23.971 - INFO  [           main] o.a.j.l.DirectJDKLog           : Starting service [Tomcat]
2020-11-27 09:25:23.972 - INFO  [           main] o.a.j.l.DirectJDKLog           : Starting Servlet engine: [Apache Tomcat/9.0.38]
2020-11-27 09:25:24.060 - INFO  [           main] o.a.j.l.DirectJDKLog           : Initializing Spring embedded WebApplicationContext
2020-11-27 09:25:24.060 - INFO  [           main] letWebServerApplicationContext : Root WebApplicationContext: initialization completed in 1430 ms
2020-11-27 09:25:24.657 - INFO  [           main] .i.s.DefaultRandomCodeStrategy : recreate bloom filter with cardinality 0
2020-11-27 09:25:24.657 - INFO  [           main] .i.s.DefaultRandomCodeStrategy : get available prefix index file /Users/wangxiaodong/.idworkers/273.code.prefix.0
2020-11-27 09:25:24.662 - INFO  [           main] .i.s.DefaultRandomCodeStrategy : recreate bloom filter with cardinality 0
2020-11-27 09:25:24.662 - INFO  [           main] .i.s.DefaultRandomCodeStrategy : get available prefix index file /Users/wangxiaodong/.idworkers/273.code.prefix.2011
2020-11-27 09:25:25.354 - INFO  [           main] c.ExecutorConfigurationSupport : Initializing ExecutorService 'applicationTaskExecutor'
2020-11-27 09:25:25.476 - INFO  [           main] t.m.m.a.MapperCacheDisabler    : Clear tk.mybatis.mapper.util.MsUtil CLASS_CACHE cache.
2020-11-27 09:25:25.477 - INFO  [           main] t.m.m.a.MapperCacheDisabler    : Clear tk.mybatis.mapper.genid.GenIdUtil CACHE cache.
2020-11-27 09:25:25.477 - INFO  [           main] t.m.m.a.MapperCacheDisabler    : Clear tk.mybatis.mapper.version.VersionUtil CACHE cache.
2020-11-27 09:25:25.477 - INFO  [           main] t.m.m.a.MapperCacheDisabler    : Clear EntityHelper entityTableMap cache.
2020-11-27 09:25:25.538 - INFO  [           main] o.a.j.l.DirectJDKLog           : Starting ProtocolHandler ["http-nio-8080"]
2020-11-27 09:25:25.571 - INFO  [           main] o.s.b.w.e.t.TomcatWebServer    : Tomcat started on port(s): 8080 (http) with context path ''
2020-11-27 09:25:25.572 - INFO  [           main] cumentationPluginsBootstrapper : Context refreshed
2020-11-27 09:25:25.595 - INFO  [           main] cumentationPluginsBootstrapper : Found 1 custom documentation plugin(s)
2020-11-27 09:25:25.612 - INFO  [           main] w.s.ApiListingReferenceScanner : Scanning for api listing references
2020-11-27 09:25:25.775 - INFO  [           main] o.s.b.StartupInfoLogger        : Started Application in 28.652 seconds (JVM running for 39.831)
2020-11-27 09:25:55.495 - INFO  [nio-8080-exec-1] o.a.j.l.DirectJDKLog           : Initializing Spring DispatcherServlet 'dispatcherServlet'
2020-11-27 09:25:55.497 - INFO  [nio-8080-exec-1] o.s.w.s.FrameworkServlet       : Initializing Servlet 'dispatcherServlet'
2020-11-27 09:25:55.517 - INFO  [nio-8080-exec-1] o.s.w.s.FrameworkServlet       : Completed initialization in 19 ms
2020-11-27 09:27:26.967 - WARN  [nio-8080-exec-8] stractHandlerExceptionResolver : Resolved [org.springframework.web.bind.MissingServletRequestParameterException: Required ItemBo parameter 'itemSearchBo' is not present]
2020-11-27 09:27:43.810 - WARN  [nio-8080-exec-2] stractHandlerExceptionResolver : Resolved [org.springframework.web.bind.MissingServletRequestParameterException: Required ItemBo parameter 'itemSearchBo' is not present]
2020-11-27 09:30:29.808 - INFO  [extShutdownHook] c.ExecutorConfigurationSupport : Shutting down ExecutorService 'applicationTaskExecutor'
2020-11-27 09:31:15.244 - INFO  [kground-preinit] o.h.v.i.u.Version              : HV000001: Hibernate Validator 6.1.5.Final
2020-11-27 09:31:20.322 - WARN  [           main] o.s.b.StartupInfoLogger        : InetAddress.getLocalHost().getHostName() took 5007 milliseconds to respond. Please verify your network configuration (macOS machines may need to add entries to /etc/hosts).
2020-11-27 09:31:15.312 - INFO  [           main] o.s.b.StartupInfoLogger        : Starting Application on MacBook-Pro-2.local with PID 69343 (/Users/wangxiaodong/work/foodie-mall/foodie-mall-api/target/classes started by wangxiaodong in /Users/wangxiaodong/work/foodie-mall)
2020-11-27 09:31:25.332 - INFO  [           main] o.s.b.SpringApplication        : No active profile set, falling back to default profiles: default
2020-11-27 09:31:26.605 - WARN  [           main] o.m.l.Logger                   : No MyBatis mapper was found in '[com.smalleast]' package. Please check your configuration.
2020-11-27 09:31:27.109 - INFO  [           main] o.s.b.w.e.t.TomcatWebServer    : Tomcat initialized with port(s): 8080 (http)
2020-11-27 09:31:27.116 - INFO  [           main] o.a.j.l.DirectJDKLog           : Initializing ProtocolHandler ["http-nio-8080"]
2020-11-27 09:31:27.117 - INFO  [           main] o.a.j.l.DirectJDKLog           : Starting service [Tomcat]
2020-11-27 09:31:27.117 - INFO  [           main] o.a.j.l.DirectJDKLog           : Starting Servlet engine: [Apache Tomcat/9.0.38]
2020-11-27 09:31:27.185 - INFO  [           main] o.a.j.l.DirectJDKLog           : Initializing Spring embedded WebApplicationContext
2020-11-27 09:31:27.186 - INFO  [           main] letWebServerApplicationContext : Root WebApplicationContext: initialization completed in 1790 ms
2020-11-27 09:31:27.860 - INFO  [           main] .i.s.DefaultRandomCodeStrategy : recreate bloom filter with cardinality 0
2020-11-27 09:31:27.860 - INFO  [           main] .i.s.DefaultRandomCodeStrategy : get available prefix index file /Users/wangxiaodong/.idworkers/273.code.prefix.0
2020-11-27 09:31:27.885 - INFO  [           main] .i.s.DefaultRandomCodeStrategy : recreate bloom filter with cardinality 0
2020-11-27 09:31:27.885 - INFO  [           main] .i.s.DefaultRandomCodeStrategy : get available prefix index file /Users/wangxiaodong/.idworkers/273.code.prefix.2011
2020-11-27 09:31:28.796 - INFO  [           main] c.ExecutorConfigurationSupport : Initializing ExecutorService 'applicationTaskExecutor'
2020-11-27 09:31:28.873 - INFO  [           main] t.m.m.a.MapperCacheDisabler    : Clear tk.mybatis.mapper.util.MsUtil CLASS_CACHE cache.
2020-11-27 09:31:28.874 - INFO  [           main] t.m.m.a.MapperCacheDisabler    : Clear tk.mybatis.mapper.genid.GenIdUtil CACHE cache.
2020-11-27 09:31:28.874 - INFO  [           main] t.m.m.a.MapperCacheDisabler    : Clear tk.mybatis.mapper.version.VersionUtil CACHE cache.
2020-11-27 09:31:28.874 - INFO  [           main] t.m.m.a.MapperCacheDisabler    : Clear EntityHelper entityTableMap cache.
2020-11-27 09:31:28.922 - INFO  [           main] o.a.j.l.DirectJDKLog           : Starting ProtocolHandler ["http-nio-8080"]
2020-11-27 09:31:28.950 - INFO  [           main] o.s.b.w.e.t.TomcatWebServer    : Tomcat started on port(s): 8080 (http) with context path ''
2020-11-27 09:31:28.951 - INFO  [           main] cumentationPluginsBootstrapper : Context refreshed
2020-11-27 09:31:28.962 - INFO  [           main] cumentationPluginsBootstrapper : Found 1 custom documentation plugin(s)
2020-11-27 09:31:28.970 - INFO  [           main] w.s.ApiListingReferenceScanner : Scanning for api listing references
2020-11-27 09:31:29.118 - INFO  [           main] o.s.b.StartupInfoLogger        : Started Application in 29.12 seconds (JVM running for 40.356)
2020-11-27 09:31:38.576 - INFO  [nio-8080-exec-1] o.a.j.l.DirectJDKLog           : Initializing Spring DispatcherServlet 'dispatcherServlet'
2020-11-27 09:31:38.578 - INFO  [nio-8080-exec-1] o.s.w.s.FrameworkServlet       : Initializing Servlet 'dispatcherServlet'
2020-11-27 09:31:38.583 - INFO  [nio-8080-exec-1] o.s.w.s.FrameworkServlet       : Completed initialization in 5 ms
2020-11-27 11:12:28.535 - INFO  [extShutdownHook] c.ExecutorConfigurationSupport : Shutting down ExecutorService 'applicationTaskExecutor'
2020-11-27 11:13:06.764 - INFO  [kground-preinit] o.h.v.i.u.Version              : HV000001: Hibernate Validator 6.1.5.Final
2020-11-27 11:13:11.927 - WARN  [           main] o.s.b.StartupInfoLogger        : InetAddress.getLocalHost().getHostName() took 5006 milliseconds to respond. Please verify your network configuration (macOS machines may need to add entries to /etc/hosts).
2020-11-27 11:13:06.917 - INFO  [           main] o.s.b.StartupInfoLogger        : Starting Application on MacBook-Pro-2.local with PID 73344 (/Users/wangxiaodong/work/foodie-mall/foodie-mall-api/target/classes started by wangxiaodong in /Users/wangxiaodong/work/foodie-mall)
2020-11-27 11:13:16.944 - INFO  [           main] o.s.b.SpringApplication        : No active profile set, falling back to default profiles: default
2020-11-27 11:13:17.983 - WARN  [           main] o.m.l.Logger                   : No MyBatis mapper was found in '[com.smalleast]' package. Please check your configuration.
2020-11-27 11:13:18.480 - INFO  [           main] o.s.b.w.e.t.TomcatWebServer    : Tomcat initialized with port(s): 8080 (http)
2020-11-27 11:13:18.492 - INFO  [           main] o.a.j.l.DirectJDKLog           : Initializing ProtocolHandler ["http-nio-8080"]
2020-11-27 11:13:18.492 - INFO  [           main] o.a.j.l.DirectJDKLog           : Starting service [Tomcat]
2020-11-27 11:13:18.493 - INFO  [           main] o.a.j.l.DirectJDKLog           : Starting Servlet engine: [Apache Tomcat/9.0.38]
2020-11-27 11:13:18.588 - INFO  [           main] o.a.j.l.DirectJDKLog           : Initializing Spring embedded WebApplicationContext
2020-11-27 11:13:18.588 - INFO  [           main] letWebServerApplicationContext : Root WebApplicationContext: initialization completed in 1561 ms
2020-11-27 11:13:19.294 - INFO  [           main] .i.s.DefaultRandomCodeStrategy : recreate bloom filter with cardinality 0
2020-11-27 11:13:19.295 - INFO  [           main] .i.s.DefaultRandomCodeStrategy : get available prefix index file /Users/wangxiaodong/.idworkers/273.code.prefix.0
2020-11-27 11:13:19.307 - INFO  [           main] .i.s.DefaultRandomCodeStrategy : recreate bloom filter with cardinality 0
2020-11-27 11:13:19.307 - INFO  [           main] .i.s.DefaultRandomCodeStrategy : get available prefix index file /Users/wangxiaodong/.idworkers/273.code.prefix.2011
2020-11-27 11:13:20.043 - INFO  [           main] c.ExecutorConfigurationSupport : Initializing ExecutorService 'applicationTaskExecutor'
2020-11-27 11:13:20.156 - INFO  [           main] t.m.m.a.MapperCacheDisabler    : Clear tk.mybatis.mapper.util.MsUtil CLASS_CACHE cache.
2020-11-27 11:13:20.157 - INFO  [           main] t.m.m.a.MapperCacheDisabler    : Clear tk.mybatis.mapper.genid.GenIdUtil CACHE cache.
2020-11-27 11:13:20.158 - INFO  [           main] t.m.m.a.MapperCacheDisabler    : Clear tk.mybatis.mapper.version.VersionUtil CACHE cache.
2020-11-27 11:13:20.158 - INFO  [           main] t.m.m.a.MapperCacheDisabler    : Clear EntityHelper entityTableMap cache.
2020-11-27 11:13:20.219 - INFO  [           main] o.a.j.l.DirectJDKLog           : Starting ProtocolHandler ["http-nio-8080"]
2020-11-27 11:13:20.255 - INFO  [           main] o.s.b.w.e.t.TomcatWebServer    : Tomcat started on port(s): 8080 (http) with context path ''
2020-11-27 11:13:20.256 - INFO  [           main] cumentationPluginsBootstrapper : Context refreshed
2020-11-27 11:13:20.277 - INFO  [           main] cumentationPluginsBootstrapper : Found 1 custom documentation plugin(s)
2020-11-27 11:13:20.288 - INFO  [           main] w.s.ApiListingReferenceScanner : Scanning for api listing references
2020-11-27 11:13:20.475 - INFO  [           main] o.s.b.StartupInfoLogger        : Started Application in 29.171 seconds (JVM running for 40.625)
2020-11-27 11:13:20.790 - INFO  [nio-8080-exec-1] o.a.j.l.DirectJDKLog           : Initializing Spring DispatcherServlet 'dispatcherServlet'
2020-11-27 11:13:20.791 - INFO  [nio-8080-exec-1] o.s.w.s.FrameworkServlet       : Initializing Servlet 'dispatcherServlet'
2020-11-27 11:13:20.802 - INFO  [nio-8080-exec-1] o.s.w.s.FrameworkServlet       : Completed initialization in 11 ms
2020-11-27 11:13:20.820 - WARN  [nio-8080-exec-1] stractHandlerExceptionResolver : Resolved [org.springframework.web.HttpRequestMethodNotSupportedException: Request method 'POST' not supported]
2020-11-27 11:13:23.848 - WARN  [nio-8080-exec-2] stractHandlerExceptionResolver : Resolved [org.springframework.web.HttpRequestMethodNotSupportedException: Request method 'POST' not supported]
2020-11-27 11:15:05.432 - INFO  [extShutdownHook] c.ExecutorConfigurationSupport : Shutting down ExecutorService 'applicationTaskExecutor'
2020-11-27 11:15:35.470 - INFO  [kground-preinit] o.h.v.i.u.Version              : HV000001: Hibernate Validator 6.1.5.Final
2020-11-27 11:15:40.518 - WARN  [           main] o.s.b.StartupInfoLogger        : InetAddress.getLocalHost().getHostName() took 5006 milliseconds to respond. Please verify your network configuration (macOS machines may need to add entries to /etc/hosts).
2020-11-27 11:15:35.510 - INFO  [           main] o.s.b.StartupInfoLogger        : Starting Application on MacBook-Pro-2.local with PID 73421 (/Users/wangxiaodong/work/foodie-mall/foodie-mall-api/target/classes started by wangxiaodong in /Users/wangxiaodong/work/foodie-mall)
2020-11-27 11:15:45.533 - INFO  [           main] o.s.b.SpringApplication        : No active profile set, falling back to default profiles: default
2020-11-27 11:15:46.245 - WARN  [           main] o.m.l.Logger                   : No MyBatis mapper was found in '[com.smalleast]' package. Please check your configuration.
2020-11-27 11:15:46.530 - INFO  [           main] o.s.b.w.e.t.TomcatWebServer    : Tomcat initialized with port(s): 8080 (http)
2020-11-27 11:15:46.538 - INFO  [           main] o.a.j.l.DirectJDKLog           : Initializing ProtocolHandler ["http-nio-8080"]
2020-11-27 11:15:46.538 - INFO  [           main] o.a.j.l.DirectJDKLog           : Starting service [Tomcat]
2020-11-27 11:15:46.539 - INFO  [           main] o.a.j.l.DirectJDKLog           : Starting Servlet engine: [Apache Tomcat/9.0.38]
2020-11-27 11:15:46.592 - INFO  [           main] o.a.j.l.DirectJDKLog           : Initializing Spring embedded WebApplicationContext
2020-11-27 11:15:46.592 - INFO  [           main] letWebServerApplicationContext : Root WebApplicationContext: initialization completed in 1022 ms
2020-11-27 11:15:47.106 - INFO  [           main] .i.s.DefaultRandomCodeStrategy : recreate bloom filter with cardinality 0
2020-11-27 11:15:47.107 - INFO  [           main] .i.s.DefaultRandomCodeStrategy : get available prefix index file /Users/wangxiaodong/.idworkers/273.code.prefix.0
2020-11-27 11:15:47.110 - INFO  [           main] .i.s.DefaultRandomCodeStrategy : recreate bloom filter with cardinality 0
2020-11-27 11:15:47.110 - INFO  [           main] .i.s.DefaultRandomCodeStrategy : get available prefix index file /Users/wangxiaodong/.idworkers/273.code.prefix.2011
2020-11-27 11:15:47.665 - INFO  [           main] c.ExecutorConfigurationSupport : Initializing ExecutorService 'applicationTaskExecutor'
2020-11-27 11:15:47.742 - INFO  [           main] t.m.m.a.MapperCacheDisabler    : Clear tk.mybatis.mapper.util.MsUtil CLASS_CACHE cache.
2020-11-27 11:15:47.742 - INFO  [           main] t.m.m.a.MapperCacheDisabler    : Clear tk.mybatis.mapper.genid.GenIdUtil CACHE cache.
2020-11-27 11:15:47.743 - INFO  [           main] t.m.m.a.MapperCacheDisabler    : Clear tk.mybatis.mapper.version.VersionUtil CACHE cache.
2020-11-27 11:15:47.743 - INFO  [           main] t.m.m.a.MapperCacheDisabler    : Clear EntityHelper entityTableMap cache.
2020-11-27 11:15:47.792 - INFO  [           main] o.a.j.l.DirectJDKLog           : Starting ProtocolHandler ["http-nio-8080"]
2020-11-27 11:15:47.819 - INFO  [           main] o.s.b.w.e.t.TomcatWebServer    : Tomcat started on port(s): 8080 (http) with context path ''
2020-11-27 11:15:47.820 - INFO  [           main] cumentationPluginsBootstrapper : Context refreshed
2020-11-27 11:15:47.830 - INFO  [           main] cumentationPluginsBootstrapper : Found 1 custom documentation plugin(s)
2020-11-27 11:15:47.838 - INFO  [           main] w.s.ApiListingReferenceScanner : Scanning for api listing references
2020-11-27 11:15:47.981 - INFO  [           main] o.s.b.StartupInfoLogger        : Started Application in 27.74 seconds (JVM running for 38.836)
2020-11-27 11:16:23.732 - INFO  [nio-8080-exec-1] o.a.j.l.DirectJDKLog           : Initializing Spring DispatcherServlet 'dispatcherServlet'
2020-11-27 11:16:23.733 - INFO  [nio-8080-exec-1] o.s.w.s.FrameworkServlet       : Initializing Servlet 'dispatcherServlet'
2020-11-27 11:16:23.739 - INFO  [nio-8080-exec-1] o.s.w.s.FrameworkServlet       : Completed initialization in 6 ms
2020-11-27 11:17:00.429 - INFO  [nio-8080-exec-5] c.z.h.HikariDataSource         : HikariPool-1 - Starting...
2020-11-27 11:17:00.853 - INFO  [nio-8080-exec-5] c.z.h.HikariDataSource         : HikariPool-1 - Start completed.
