2020-11-21 22:59:37.396 - INFO  [           main] o.s.b.StartupInfoLogger        : Starting Application on DESKTOP-019KN62 with PID 7276 (D:\project\foodie-mall\foodie-mall-api\target\classes started by 96373 in D:\project\foodie-mall)
2020-11-21 22:59:37.402 - INFO  [           main] o.s.b.SpringApplication        : No active profile set, falling back to default profiles: default
2020-11-21 22:59:37.750 - WARN  [           main] t.m.s.a.MapperScannerRegistrar : 只有 Spring Boot 环境中可以通过 Environment(配置文件,环境变量,运行参数等方式) 配置通用 Mapper，其他环境请通过 @MapperScan 注解中的 mapperHelperRef 或 properties 参数进行配置!如果你使用 tk.mybatis.mapper.session.Configuration 配置的通用 Mapper，你可以忽略该错误!
java.lang.RuntimeException: java.lang.reflect.InvocationTargetException
	at tk.mybatis.spring.mapper.SpringBootBindUtil$SpringBoot2Bind.bind(SpringBootBindUtil.java:133) ~[mapper-spring-1.1.5.jar:?]
	at tk.mybatis.spring.mapper.SpringBootBindUtil.bind(SpringBootBindUtil.java:58) ~[mapper-spring-1.1.5.jar:?]
	at tk.mybatis.spring.mapper.ClassPathMapperScanner.setMapperProperties(ClassPathMapperScanner.java:278) ~[mapper-spring-1.1.5.jar:?]
	at tk.mybatis.spring.annotation.MapperScannerRegistrar.registerBeanDefinitions(MapperScannerRegistrar.java:103) ~[mapper-spring-1.1.5.jar:?]
	at org.springframework.context.annotation.ConfigurationClassBeanDefinitionReader.lambda$loadBeanDefinitionsFromRegistrars$1(ConfigurationClassBeanDefinitionReader.java:364) ~[spring-context-5.1.7.RELEASE.jar:5.1.7.RELEASE]
	at java.util.LinkedHashMap.forEach(LinkedHashMap.java:684) [?:1.8.0_271]
	at org.springframework.context.annotation.ConfigurationClassBeanDefinitionReader.loadBeanDefinitionsFromRegistrars(ConfigurationClassBeanDefinitionReader.java:363) [spring-context-5.1.7.RELEASE.jar:5.1.7.RELEASE]
	at org.springframework.context.annotation.ConfigurationClassBeanDefinitionReader.loadBeanDefinitionsForConfigurationClass(ConfigurationClassBeanDefinitionReader.java:145) [spring-context-5.1.7.RELEASE.jar:5.1.7.RELEASE]
	at org.springframework.context.annotation.ConfigurationClassBeanDefinitionReader.loadBeanDefinitions(ConfigurationClassBeanDefinitionReader.java:117) [spring-context-5.1.7.RELEASE.jar:5.1.7.RELEASE]
	at org.springframework.context.annotation.ConfigurationClassPostProcessor.processConfigBeanDefinitions(ConfigurationClassPostProcessor.java:327) [spring-context-5.1.7.RELEASE.jar:5.1.7.RELEASE]
	at org.springframework.context.annotation.ConfigurationClassPostProcessor.postProcessBeanDefinitionRegistry(ConfigurationClassPostProcessor.java:232) [spring-context-5.1.7.RELEASE.jar:5.1.7.RELEASE]
	at org.springframework.context.support.PostProcessorRegistrationDelegate.invokeBeanDefinitionRegistryPostProcessors(PostProcessorRegistrationDelegate.java:275) [spring-context-5.1.7.RELEASE.jar:5.1.7.RELEASE]
	at org.springframework.context.support.PostProcessorRegistrationDelegate.invokeBeanFactoryPostProcessors(PostProcessorRegistrationDelegate.java:95) [spring-context-5.1.7.RELEASE.jar:5.1.7.RELEASE]
	at org.springframework.context.support.AbstractApplicationContext.invokeBeanFactoryPostProcessors(AbstractApplicationContext.java:705) [spring-context-5.1.7.RELEASE.jar:5.1.7.RELEASE]
	at org.springframework.context.support.AbstractApplicationContext.refresh(AbstractApplicationContext.java:531) [spring-context-5.1.7.RELEASE.jar:5.1.7.RELEASE]
	at org.springframework.boot.web.servlet.context.ServletWebServerApplicationContext.refresh(ServletWebServerApplicationContext.java:142) [spring-boot-2.1.5.RELEASE.jar:2.1.5.RELEASE]
	at org.springframework.boot.SpringApplication.refresh(SpringApplication.java:775) [spring-boot-2.1.5.RELEASE.jar:2.1.5.RELEASE]
	at org.springframework.boot.SpringApplication.refreshContext(SpringApplication.java:397) [spring-boot-2.1.5.RELEASE.jar:2.1.5.RELEASE]
	at org.springframework.boot.SpringApplication.run(SpringApplication.java:316) [spring-boot-2.1.5.RELEASE.jar:2.1.5.RELEASE]
	at org.springframework.boot.SpringApplication.run(SpringApplication.java:1260) [spring-boot-2.1.5.RELEASE.jar:2.1.5.RELEASE]
	at org.springframework.boot.SpringApplication.run(SpringApplication.java:1248) [spring-boot-2.1.5.RELEASE.jar:2.1.5.RELEASE]
	at com.smalleast.Application.main(Application.java:18) [classes/:?]
Caused by: java.lang.reflect.InvocationTargetException
	at sun.reflect.NativeMethodAccessorImpl.invoke0(Native Method) ~[?:1.8.0_271]
	at sun.reflect.NativeMethodAccessorImpl.invoke(NativeMethodAccessorImpl.java:62) ~[?:1.8.0_271]
	at sun.reflect.DelegatingMethodAccessorImpl.invoke(DelegatingMethodAccessorImpl.java:43) ~[?:1.8.0_271]
	at java.lang.reflect.Method.invoke(Method.java:498) ~[?:1.8.0_271]
	at tk.mybatis.spring.mapper.SpringBootBindUtil$SpringBoot2Bind.bind(SpringBootBindUtil.java:125) ~[mapper-spring-1.1.5.jar:?]
	... 21 more
Caused by: org.springframework.boot.context.properties.bind.BindException: Failed to bind properties under 'mapper' to tk.mybatis.mapper.entity.Config
	at org.springframework.boot.context.properties.bind.Binder.handleBindError(Binder.java:249) ~[spring-boot-2.1.5.RELEASE.jar:2.1.5.RELEASE]
	at org.springframework.boot.context.properties.bind.Binder.bind(Binder.java:225) ~[spring-boot-2.1.5.RELEASE.jar:2.1.5.RELEASE]
	at org.springframework.boot.context.properties.bind.Binder.bind(Binder.java:208) ~[spring-boot-2.1.5.RELEASE.jar:2.1.5.RELEASE]
	at org.springframework.boot.context.properties.bind.Binder.bind(Binder.java:164) ~[spring-boot-2.1.5.RELEASE.jar:2.1.5.RELEASE]
	at org.springframework.boot.context.properties.bind.Binder.bind(Binder.java:151) ~[spring-boot-2.1.5.RELEASE.jar:2.1.5.RELEASE]
	at sun.reflect.NativeMethodAccessorImpl.invoke0(Native Method) ~[?:1.8.0_271]
	at sun.reflect.NativeMethodAccessorImpl.invoke(NativeMethodAccessorImpl.java:62) ~[?:1.8.0_271]
	at sun.reflect.DelegatingMethodAccessorImpl.invoke(DelegatingMethodAccessorImpl.java:43) ~[?:1.8.0_271]
	at java.lang.reflect.Method.invoke(Method.java:498) ~[?:1.8.0_271]
	at tk.mybatis.spring.mapper.SpringBootBindUtil$SpringBoot2Bind.bind(SpringBootBindUtil.java:125) ~[mapper-spring-1.1.5.jar:?]
	... 21 more
Caused by: org.springframework.core.convert.ConverterNotFoundException: No converter found capable of converting from type [java.lang.String] to type [tk.mybatis.mapper.entity.Config]
	at org.springframework.core.convert.support.GenericConversionService.handleConverterNotFound(GenericConversionService.java:321) ~[spring-core-5.1.7.RELEASE.jar:5.1.7.RELEASE]
	at org.springframework.core.convert.support.GenericConversionService.convert(GenericConversionService.java:194) ~[spring-core-5.1.7.RELEASE.jar:5.1.7.RELEASE]
	at org.springframework.boot.context.properties.bind.BindConverter$CompositeConversionService.convert(BindConverter.java:177) ~[spring-boot-2.1.5.RELEASE.jar:2.1.5.RELEASE]
	at org.springframework.boot.context.properties.bind.BindConverter.convert(BindConverter.java:98) ~[spring-boot-2.1.5.RELEASE.jar:2.1.5.RELEASE]
	at org.springframework.boot.context.properties.bind.BindConverter.convert(BindConverter.java:90) ~[spring-boot-2.1.5.RELEASE.jar:2.1.5.RELEASE]
	at org.springframework.boot.context.properties.bind.Binder.bindProperty(Binder.java:326) ~[spring-boot-2.1.5.RELEASE.jar:2.1.5.RELEASE]
	at org.springframework.boot.context.properties.bind.Binder.bindObject(Binder.java:265) ~[spring-boot-2.1.5.RELEASE.jar:2.1.5.RELEASE]
	at org.springframework.boot.context.properties.bind.Binder.bind(Binder.java:220) ~[spring-boot-2.1.5.RELEASE.jar:2.1.5.RELEASE]
	at org.springframework.boot.context.properties.bind.Binder.bind(Binder.java:208) ~[spring-boot-2.1.5.RELEASE.jar:2.1.5.RELEASE]
	at org.springframework.boot.context.properties.bind.Binder.bind(Binder.java:164) ~[spring-boot-2.1.5.RELEASE.jar:2.1.5.RELEASE]
	at org.springframework.boot.context.properties.bind.Binder.bind(Binder.java:151) ~[spring-boot-2.1.5.RELEASE.jar:2.1.5.RELEASE]
	at sun.reflect.NativeMethodAccessorImpl.invoke0(Native Method) ~[?:1.8.0_271]
	at sun.reflect.NativeMethodAccessorImpl.invoke(NativeMethodAccessorImpl.java:62) ~[?:1.8.0_271]
	at sun.reflect.DelegatingMethodAccessorImpl.invoke(DelegatingMethodAccessorImpl.java:43) ~[?:1.8.0_271]
	at java.lang.reflect.Method.invoke(Method.java:498) ~[?:1.8.0_271]
	at tk.mybatis.spring.mapper.SpringBootBindUtil$SpringBoot2Bind.bind(SpringBootBindUtil.java:125) ~[mapper-spring-1.1.5.jar:?]
	... 21 more
2020-11-21 22:59:37.945 - WARN  [           main] o.m.l.Logger                   : No MyBatis mapper was found in '[com.smalleast]' package. Please check your configuration.
2020-11-21 22:59:38.323 - INFO  [           main] o.s.b.w.e.t.TomcatWebServer    : Tomcat initialized with port(s): 8080 (http)
2020-11-21 22:59:38.335 - INFO  [           main] o.a.j.l.DirectJDKLog           : Initializing ProtocolHandler ["http-nio-8080"]
2020-11-21 22:59:38.342 - INFO  [           main] o.a.j.l.DirectJDKLog           : Starting service [Tomcat]
2020-11-21 22:59:38.343 - INFO  [           main] o.a.j.l.DirectJDKLog           : Starting Servlet engine: [Apache Tomcat/9.0.19]
2020-11-21 22:59:38.485 - INFO  [           main] o.a.j.l.DirectJDKLog           : Initializing Spring embedded WebApplicationContext
2020-11-21 22:59:38.486 - INFO  [           main] letWebServerApplicationContext : Root WebApplicationContext: initialization completed in 1050 ms
2020-11-21 22:59:39.410 - INFO  [           main] c.ExecutorConfigurationSupport : Initializing ExecutorService 'applicationTaskExecutor'
2020-11-21 22:59:39.497 - INFO  [           main] t.m.m.a.MapperCacheDisabler    : Clear tk.mybatis.mapper.util.MsUtil CLASS_CACHE cache.
2020-11-21 22:59:39.498 - INFO  [           main] t.m.m.a.MapperCacheDisabler    : Clear tk.mybatis.mapper.genid.GenIdUtil CACHE cache.
2020-11-21 22:59:39.498 - INFO  [           main] t.m.m.a.MapperCacheDisabler    : Clear tk.mybatis.mapper.version.VersionUtil CACHE cache.
2020-11-21 22:59:39.499 - INFO  [           main] t.m.m.a.MapperCacheDisabler    : Clear EntityHelper entityTableMap cache.
2020-11-21 22:59:39.587 - INFO  [           main] o.a.j.l.DirectJDKLog           : Starting ProtocolHandler ["http-nio-8080"]
2020-11-21 22:59:39.606 - INFO  [           main] o.s.b.w.e.t.TomcatWebServer    : Tomcat started on port(s): 8080 (http) with context path ''
2020-11-21 22:59:39.609 - INFO  [           main] o.s.b.StartupInfoLogger        : Started Application in 2.539 seconds (JVM running for 3.913)
2020-11-21 23:01:35.668 - INFO  [       Thread-9] c.ExecutorConfigurationSupport : Shutting down ExecutorService 'applicationTaskExecutor'
