2020-11-21 23:46:44.904 -ERROR  [           main] LoggingFailureAnalysisReporter : 

***************************
APPLICATION FAILED TO START
***************************

Description:

Field usersMapper in com.smalleast.service.impl.UsersServiceImpl required a bean named 'mapperHelper' that could not be found.

The injection point has the following annotations:
	- @org.springframework.beans.factory.annotation.Autowired(required=true)


Action:

Consider defining a bean named 'mapperHelper' in your configuration.

2020-11-21 23:50:15.396 -ERROR  [           main] o.s.b.SpringApplication        : Application run failed
org.springframework.beans.factory.BeanCreationException: Error creating bean with name 'myMapper' defined in file [D:\project\foodie-mall\foodie-mall-mapper\target\classes\com\smalleast\my\mapper\MyMapper.class]: Invocation of init method failed; nested exception is tk.mybatis.mapper.MapperException: tk.mybatis.mapper.MapperException: java.lang.ClassCastException: sun.reflect.generics.reflectiveObjects.TypeVariableImpl cannot be cast to java.lang.Class
	at org.springframework.beans.factory.support.AbstractAutowireCapableBeanFactory.initializeBean(AbstractAutowireCapableBeanFactory.java:1778) ~[spring-beans-5.1.7.RELEASE.jar:5.1.7.RELEASE]
	at org.springframework.beans.factory.support.AbstractAutowireCapableBeanFactory.doCreateBean(AbstractAutowireCapableBeanFactory.java:593) ~[spring-beans-5.1.7.RELEASE.jar:5.1.7.RELEASE]
	at org.springframework.beans.factory.support.AbstractAutowireCapableBeanFactory.createBean(AbstractAutowireCapableBeanFactory.java:515) ~[spring-beans-5.1.7.RELEASE.jar:5.1.7.RELEASE]
	at org.springframework.beans.factory.support.AbstractBeanFactory.lambda$doGetBean$0(AbstractBeanFactory.java:320) ~[spring-beans-5.1.7.RELEASE.jar:5.1.7.RELEASE]
	at org.springframework.beans.factory.support.DefaultSingletonBeanRegistry.getSingleton(DefaultSingletonBeanRegistry.java:222) ~[spring-beans-5.1.7.RELEASE.jar:5.1.7.RELEASE]
	at org.springframework.beans.factory.support.AbstractBeanFactory.doGetBean(AbstractBeanFactory.java:318) ~[spring-beans-5.1.7.RELEASE.jar:5.1.7.RELEASE]
	at org.springframework.beans.factory.support.AbstractBeanFactory.getBean(AbstractBeanFactory.java:199) ~[spring-beans-5.1.7.RELEASE.jar:5.1.7.RELEASE]
	at org.springframework.beans.factory.support.DefaultListableBeanFactory.preInstantiateSingletons(DefaultListableBeanFactory.java:824) ~[spring-beans-5.1.7.RELEASE.jar:5.1.7.RELEASE]
	at org.springframework.context.support.AbstractApplicationContext.finishBeanFactoryInitialization(AbstractApplicationContext.java:877) ~[spring-context-5.1.7.RELEASE.jar:5.1.7.RELEASE]
	at org.springframework.context.support.AbstractApplicationContext.refresh(AbstractApplicationContext.java:549) ~[spring-context-5.1.7.RELEASE.jar:5.1.7.RELEASE]
	at org.springframework.boot.web.servlet.context.ServletWebServerApplicationContext.refresh(ServletWebServerApplicationContext.java:142) ~[spring-boot-2.1.5.RELEASE.jar:2.1.5.RELEASE]
	at org.springframework.boot.SpringApplication.refresh(SpringApplication.java:775) [spring-boot-2.1.5.RELEASE.jar:2.1.5.RELEASE]
	at org.springframework.boot.SpringApplication.refreshContext(SpringApplication.java:397) [spring-boot-2.1.5.RELEASE.jar:2.1.5.RELEASE]
	at org.springframework.boot.SpringApplication.run(SpringApplication.java:316) [spring-boot-2.1.5.RELEASE.jar:2.1.5.RELEASE]
	at org.springframework.boot.SpringApplication.run(SpringApplication.java:1260) [spring-boot-2.1.5.RELEASE.jar:2.1.5.RELEASE]
	at org.springframework.boot.SpringApplication.run(SpringApplication.java:1248) [spring-boot-2.1.5.RELEASE.jar:2.1.5.RELEASE]
	at com.smalleast.Application.main(Application.java:18) [classes/:?]
Caused by: tk.mybatis.mapper.MapperException: tk.mybatis.mapper.MapperException: java.lang.ClassCastException: sun.reflect.generics.reflectiveObjects.TypeVariableImpl cannot be cast to java.lang.Class
	at tk.mybatis.mapper.mapperhelper.MapperHelper.setSqlSource(MapperHelper.java:378) ~[mapper-core-1.1.5.jar:?]
	at tk.mybatis.mapper.mapperhelper.MapperHelper.processMappedStatement(MapperHelper.java:297) ~[mapper-core-1.1.5.jar:?]
	at tk.mybatis.mapper.mapperhelper.MapperHelper.processConfiguration(MapperHelper.java:283) ~[mapper-core-1.1.5.jar:?]
	at tk.mybatis.spring.mapper.MapperFactoryBean.checkDaoConfig(MapperFactoryBean.java:93) ~[mapper-spring-1.1.5.jar:?]
	at org.springframework.dao.support.DaoSupport.afterPropertiesSet(DaoSupport.java:44) ~[spring-tx-5.1.7.RELEASE.jar:5.1.7.RELEASE]
	at org.springframework.beans.factory.support.AbstractAutowireCapableBeanFactory.invokeInitMethods(AbstractAutowireCapableBeanFactory.java:1837) ~[spring-beans-5.1.7.RELEASE.jar:5.1.7.RELEASE]
	at org.springframework.beans.factory.support.AbstractAutowireCapableBeanFactory.initializeBean(AbstractAutowireCapableBeanFactory.java:1774) ~[spring-beans-5.1.7.RELEASE.jar:5.1.7.RELEASE]
	... 16 more
Caused by: tk.mybatis.mapper.MapperException: java.lang.ClassCastException: sun.reflect.generics.reflectiveObjects.TypeVariableImpl cannot be cast to java.lang.Class
	at tk.mybatis.mapper.mapperhelper.MapperTemplate.setSqlSource(MapperTemplate.java:256) ~[mapper-core-1.1.5.jar:?]
	at tk.mybatis.mapper.mapperhelper.MapperHelper.setSqlSource(MapperHelper.java:375) ~[mapper-core-1.1.5.jar:?]
	at tk.mybatis.mapper.mapperhelper.MapperHelper.processMappedStatement(MapperHelper.java:297) ~[mapper-core-1.1.5.jar:?]
	at tk.mybatis.mapper.mapperhelper.MapperHelper.processConfiguration(MapperHelper.java:283) ~[mapper-core-1.1.5.jar:?]
	at tk.mybatis.spring.mapper.MapperFactoryBean.checkDaoConfig(MapperFactoryBean.java:93) ~[mapper-spring-1.1.5.jar:?]
	at org.springframework.dao.support.DaoSupport.afterPropertiesSet(DaoSupport.java:44) ~[spring-tx-5.1.7.RELEASE.jar:5.1.7.RELEASE]
	at org.springframework.beans.factory.support.AbstractAutowireCapableBeanFactory.invokeInitMethods(AbstractAutowireCapableBeanFactory.java:1837) ~[spring-beans-5.1.7.RELEASE.jar:5.1.7.RELEASE]
	at org.springframework.beans.factory.support.AbstractAutowireCapableBeanFactory.initializeBean(AbstractAutowireCapableBeanFactory.java:1774) ~[spring-beans-5.1.7.RELEASE.jar:5.1.7.RELEASE]
	... 16 more
Caused by: java.lang.ClassCastException: sun.reflect.generics.reflectiveObjects.TypeVariableImpl cannot be cast to java.lang.Class
	at tk.mybatis.mapper.mapperhelper.MapperTemplate.getEntityClass(MapperTemplate.java:170) ~[mapper-core-1.1.5.jar:?]
	at tk.mybatis.mapper.provider.base.BaseSelectProvider.selectCount(BaseSelectProvider.java:111) ~[mapper-base-1.1.5.jar:?]
	at sun.reflect.NativeMethodAccessorImpl.invoke0(Native Method) ~[?:1.8.0_271]
	at sun.reflect.NativeMethodAccessorImpl.invoke(NativeMethodAccessorImpl.java:62) ~[?:1.8.0_271]
	at sun.reflect.DelegatingMethodAccessorImpl.invoke(DelegatingMethodAccessorImpl.java:43) ~[?:1.8.0_271]
	at java.lang.reflect.Method.invoke(Method.java:498) ~[?:1.8.0_271]
	at tk.mybatis.mapper.mapperhelper.MapperTemplate.setSqlSource(MapperTemplate.java:246) ~[mapper-core-1.1.5.jar:?]
	at tk.mybatis.mapper.mapperhelper.MapperHelper.setSqlSource(MapperHelper.java:375) ~[mapper-core-1.1.5.jar:?]
	at tk.mybatis.mapper.mapperhelper.MapperHelper.processMappedStatement(MapperHelper.java:297) ~[mapper-core-1.1.5.jar:?]
	at tk.mybatis.mapper.mapperhelper.MapperHelper.processConfiguration(MapperHelper.java:283) ~[mapper-core-1.1.5.jar:?]
	at tk.mybatis.spring.mapper.MapperFactoryBean.checkDaoConfig(MapperFactoryBean.java:93) ~[mapper-spring-1.1.5.jar:?]
	at org.springframework.dao.support.DaoSupport.afterPropertiesSet(DaoSupport.java:44) ~[spring-tx-5.1.7.RELEASE.jar:5.1.7.RELEASE]
	at org.springframework.beans.factory.support.AbstractAutowireCapableBeanFactory.invokeInitMethods(AbstractAutowireCapableBeanFactory.java:1837) ~[spring-beans-5.1.7.RELEASE.jar:5.1.7.RELEASE]
	at org.springframework.beans.factory.support.AbstractAutowireCapableBeanFactory.initializeBean(AbstractAutowireCapableBeanFactory.java:1774) ~[spring-beans-5.1.7.RELEASE.jar:5.1.7.RELEASE]
	... 16 more
2020-11-21 23:53:42.830 -ERROR  [           main] o.s.b.SpringApplication        : Application run failed
org.springframework.beans.factory.BeanCreationException: Error creating bean with name 'myMapper' defined in file [D:\project\foodie-mall\foodie-mall-mapper\target\classes\com\smalleast\mapper\base\MyMapper.class]: Invocation of init method failed; nested exception is tk.mybatis.mapper.MapperException: tk.mybatis.mapper.MapperException: java.lang.ClassCastException: sun.reflect.generics.reflectiveObjects.TypeVariableImpl cannot be cast to java.lang.Class
	at org.springframework.beans.factory.support.AbstractAutowireCapableBeanFactory.initializeBean(AbstractAutowireCapableBeanFactory.java:1778) ~[spring-beans-5.1.7.RELEASE.jar:5.1.7.RELEASE]
	at org.springframework.beans.factory.support.AbstractAutowireCapableBeanFactory.doCreateBean(AbstractAutowireCapableBeanFactory.java:593) ~[spring-beans-5.1.7.RELEASE.jar:5.1.7.RELEASE]
	at org.springframework.beans.factory.support.AbstractAutowireCapableBeanFactory.createBean(AbstractAutowireCapableBeanFactory.java:515) ~[spring-beans-5.1.7.RELEASE.jar:5.1.7.RELEASE]
	at org.springframework.beans.factory.support.AbstractBeanFactory.lambda$doGetBean$0(AbstractBeanFactory.java:320) ~[spring-beans-5.1.7.RELEASE.jar:5.1.7.RELEASE]
	at org.springframework.beans.factory.support.DefaultSingletonBeanRegistry.getSingleton(DefaultSingletonBeanRegistry.java:222) ~[spring-beans-5.1.7.RELEASE.jar:5.1.7.RELEASE]
	at org.springframework.beans.factory.support.AbstractBeanFactory.doGetBean(AbstractBeanFactory.java:318) ~[spring-beans-5.1.7.RELEASE.jar:5.1.7.RELEASE]
	at org.springframework.beans.factory.support.AbstractBeanFactory.getBean(AbstractBeanFactory.java:199) ~[spring-beans-5.1.7.RELEASE.jar:5.1.7.RELEASE]
	at org.springframework.beans.factory.support.DefaultListableBeanFactory.preInstantiateSingletons(DefaultListableBeanFactory.java:824) ~[spring-beans-5.1.7.RELEASE.jar:5.1.7.RELEASE]
	at org.springframework.context.support.AbstractApplicationContext.finishBeanFactoryInitialization(AbstractApplicationContext.java:877) ~[spring-context-5.1.7.RELEASE.jar:5.1.7.RELEASE]
	at org.springframework.context.support.AbstractApplicationContext.refresh(AbstractApplicationContext.java:549) ~[spring-context-5.1.7.RELEASE.jar:5.1.7.RELEASE]
	at org.springframework.boot.web.servlet.context.ServletWebServerApplicationContext.refresh(ServletWebServerApplicationContext.java:142) ~[spring-boot-2.1.5.RELEASE.jar:2.1.5.RELEASE]
	at org.springframework.boot.SpringApplication.refresh(SpringApplication.java:775) [spring-boot-2.1.5.RELEASE.jar:2.1.5.RELEASE]
	at org.springframework.boot.SpringApplication.refreshContext(SpringApplication.java:397) [spring-boot-2.1.5.RELEASE.jar:2.1.5.RELEASE]
	at org.springframework.boot.SpringApplication.run(SpringApplication.java:316) [spring-boot-2.1.5.RELEASE.jar:2.1.5.RELEASE]
	at org.springframework.boot.SpringApplication.run(SpringApplication.java:1260) [spring-boot-2.1.5.RELEASE.jar:2.1.5.RELEASE]
	at org.springframework.boot.SpringApplication.run(SpringApplication.java:1248) [spring-boot-2.1.5.RELEASE.jar:2.1.5.RELEASE]
	at com.smalleast.Application.main(Application.java:18) [classes/:?]
Caused by: tk.mybatis.mapper.MapperException: tk.mybatis.mapper.MapperException: java.lang.ClassCastException: sun.reflect.generics.reflectiveObjects.TypeVariableImpl cannot be cast to java.lang.Class
	at tk.mybatis.mapper.mapperhelper.MapperHelper.setSqlSource(MapperHelper.java:378) ~[mapper-core-1.1.5.jar:?]
	at tk.mybatis.mapper.mapperhelper.MapperHelper.processMappedStatement(MapperHelper.java:297) ~[mapper-core-1.1.5.jar:?]
	at tk.mybatis.mapper.mapperhelper.MapperHelper.processConfiguration(MapperHelper.java:283) ~[mapper-core-1.1.5.jar:?]
	at tk.mybatis.spring.mapper.MapperFactoryBean.checkDaoConfig(MapperFactoryBean.java:93) ~[mapper-spring-1.1.5.jar:?]
	at org.springframework.dao.support.DaoSupport.afterPropertiesSet(DaoSupport.java:44) ~[spring-tx-5.1.7.RELEASE.jar:5.1.7.RELEASE]
	at org.springframework.beans.factory.support.AbstractAutowireCapableBeanFactory.invokeInitMethods(AbstractAutowireCapableBeanFactory.java:1837) ~[spring-beans-5.1.7.RELEASE.jar:5.1.7.RELEASE]
	at org.springframework.beans.factory.support.AbstractAutowireCapableBeanFactory.initializeBean(AbstractAutowireCapableBeanFactory.java:1774) ~[spring-beans-5.1.7.RELEASE.jar:5.1.7.RELEASE]
	... 16 more
Caused by: tk.mybatis.mapper.MapperException: java.lang.ClassCastException: sun.reflect.generics.reflectiveObjects.TypeVariableImpl cannot be cast to java.lang.Class
	at tk.mybatis.mapper.mapperhelper.MapperTemplate.setSqlSource(MapperTemplate.java:256) ~[mapper-core-1.1.5.jar:?]
	at tk.mybatis.mapper.mapperhelper.MapperHelper.setSqlSource(MapperHelper.java:375) ~[mapper-core-1.1.5.jar:?]
	at tk.mybatis.mapper.mapperhelper.MapperHelper.processMappedStatement(MapperHelper.java:297) ~[mapper-core-1.1.5.jar:?]
	at tk.mybatis.mapper.mapperhelper.MapperHelper.processConfiguration(MapperHelper.java:283) ~[mapper-core-1.1.5.jar:?]
	at tk.mybatis.spring.mapper.MapperFactoryBean.checkDaoConfig(MapperFactoryBean.java:93) ~[mapper-spring-1.1.5.jar:?]
	at org.springframework.dao.support.DaoSupport.afterPropertiesSet(DaoSupport.java:44) ~[spring-tx-5.1.7.RELEASE.jar:5.1.7.RELEASE]
	at org.springframework.beans.factory.support.AbstractAutowireCapableBeanFactory.invokeInitMethods(AbstractAutowireCapableBeanFactory.java:1837) ~[spring-beans-5.1.7.RELEASE.jar:5.1.7.RELEASE]
	at org.springframework.beans.factory.support.AbstractAutowireCapableBeanFactory.initializeBean(AbstractAutowireCapableBeanFactory.java:1774) ~[spring-beans-5.1.7.RELEASE.jar:5.1.7.RELEASE]
	... 16 more
Caused by: java.lang.ClassCastException: sun.reflect.generics.reflectiveObjects.TypeVariableImpl cannot be cast to java.lang.Class
	at tk.mybatis.mapper.mapperhelper.MapperTemplate.getEntityClass(MapperTemplate.java:170) ~[mapper-core-1.1.5.jar:?]
	at tk.mybatis.mapper.provider.base.BaseInsertProvider.insert(BaseInsertProvider.java:46) ~[mapper-base-1.1.5.jar:?]
	at sun.reflect.NativeMethodAccessorImpl.invoke0(Native Method) ~[?:1.8.0_271]
	at sun.reflect.NativeMethodAccessorImpl.invoke(NativeMethodAccessorImpl.java:62) ~[?:1.8.0_271]
	at sun.reflect.DelegatingMethodAccessorImpl.invoke(DelegatingMethodAccessorImpl.java:43) ~[?:1.8.0_271]
	at java.lang.reflect.Method.invoke(Method.java:498) ~[?:1.8.0_271]
	at tk.mybatis.mapper.mapperhelper.MapperTemplate.setSqlSource(MapperTemplate.java:246) ~[mapper-core-1.1.5.jar:?]
	at tk.mybatis.mapper.mapperhelper.MapperHelper.setSqlSource(MapperHelper.java:375) ~[mapper-core-1.1.5.jar:?]
	at tk.mybatis.mapper.mapperhelper.MapperHelper.processMappedStatement(MapperHelper.java:297) ~[mapper-core-1.1.5.jar:?]
	at tk.mybatis.mapper.mapperhelper.MapperHelper.processConfiguration(MapperHelper.java:283) ~[mapper-core-1.1.5.jar:?]
	at tk.mybatis.spring.mapper.MapperFactoryBean.checkDaoConfig(MapperFactoryBean.java:93) ~[mapper-spring-1.1.5.jar:?]
	at org.springframework.dao.support.DaoSupport.afterPropertiesSet(DaoSupport.java:44) ~[spring-tx-5.1.7.RELEASE.jar:5.1.7.RELEASE]
	at org.springframework.beans.factory.support.AbstractAutowireCapableBeanFactory.invokeInitMethods(AbstractAutowireCapableBeanFactory.java:1837) ~[spring-beans-5.1.7.RELEASE.jar:5.1.7.RELEASE]
	at org.springframework.beans.factory.support.AbstractAutowireCapableBeanFactory.initializeBean(AbstractAutowireCapableBeanFactory.java:1774) ~[spring-beans-5.1.7.RELEASE.jar:5.1.7.RELEASE]
	... 16 more
