2020-11-22 12:41:29.052 -ERROR  [           main] LoggingFailureAnalysisReporter : 

***************************
APPLICATION FAILED TO START
***************************

Description:

Field usersService in com.smalleast.controller.UserController required a bean of type 'org.n3r.idworker.Sid' that could not be found.

The injection point has the following annotations:
	- @org.springframework.beans.factory.annotation.Autowired(required=true)


Action:

Consider defining a bean of type 'org.n3r.idworker.Sid' in your configuration.

2020-11-22 12:42:51.488 -ERROR  [           main] LoggingFailureAnalysisReporter : 

***************************
APPLICATION FAILED TO START
***************************

Description:

Field usersService in com.smalleast.controller.UserController required a bean of type 'org.n3r.idworker.Sid' that could not be found.

The injection point has the following annotations:
	- @org.springframework.beans.factory.annotation.Autowired(required=true)


Action:

Consider defining a bean of type 'org.n3r.idworker.Sid' in your configuration.

2020-11-22 16:32:26.687 -ERROR  [           main] LoggingFailureAnalysisReporter : 

***************************
APPLICATION FAILED TO START
***************************

Description:

Field usersService in com.smalleast.controller.UserController required a bean of type 'org.n3r.idworker.Sid' that could not be found.

The injection point has the following annotations:
	- @org.springframework.beans.factory.annotation.Autowired(required=true)


Action:

Consider defining a bean of type 'org.n3r.idworker.Sid' in your configuration.

2020-11-22 16:40:44.348 -ERROR  [           main] LoggingFailureAnalysisReporter : 

***************************
APPLICATION FAILED TO START
***************************

Description:

Field usersService in com.smalleast.controller.UserController required a bean of type 'org.n3r.idworker.Sid' that could not be found.

The injection point has the following annotations:
	- @org.springframework.beans.factory.annotation.Autowired(required=true)


Action:

Consider defining a bean of type 'org.n3r.idworker.Sid' in your configuration.

2020-11-22 16:41:35.192 -ERROR  [           main] LoggingFailureAnalysisReporter : 

***************************
APPLICATION FAILED TO START
***************************

Description:

Field usersService in com.smalleast.controller.UserController required a bean of type 'org.n3r.idworker.Sid' that could not be found.

The injection point has the following annotations:
	- @org.springframework.beans.factory.annotation.Autowired(required=true)


Action:

Consider defining a bean of type 'org.n3r.idworker.Sid' in your configuration.

2020-11-22 16:43:49.662 -ERROR  [           main] LoggingFailureAnalysisReporter : 

***************************
APPLICATION FAILED TO START
***************************

Description:

Field usersService in com.smalleast.controller.UserController required a bean of type 'org.n3r.idworker.Sid' that could not be found.

The injection point has the following annotations:
	- @org.springframework.beans.factory.annotation.Autowired(required=true)


Action:

Consider defining a bean of type 'org.n3r.idworker.Sid' in your configuration.

